2022-08-04 13:08:41,022 INFO  Logger.cs: 70 - 
--------------------------------------------------------------------------------
2022-08-04 13:08:41,050 INFO  Logger.cs: 71 - Logging commencing for SW2URDF exporter
2022-08-04 13:08:41,052 INFO  Logger.cs: 73 - Commit version 1.6.0-1-g15f4949
2022-08-04 13:08:41,053 INFO  Logger.cs: 74 - Build version 1.6.7594.29634
2022-08-04 13:08:41,054 INFO  SwAddin.cs: 192 - Attempting to connect to SW
2022-08-04 13:08:41,055 INFO  SwAddin.cs: 197 - Setting up callbacks
2022-08-04 13:08:41,055 INFO  SwAddin.cs: 201 - Setting up command manager
2022-08-04 13:08:41,056 INFO  SwAddin.cs: 204 - Adding command manager
2022-08-04 13:08:41,059 INFO  SwAddin.cs: 263 - Adding Assembly export to file menu
2022-08-04 13:08:41,060 INFO  SwAddin.cs: 272 - Adding Part export to file menu
2022-08-04 13:08:41,060 INFO  SwAddin.cs: 210 - Adding event handlers
2022-08-04 13:08:41,063 INFO  SwAddin.cs: 217 - Connecting plugin to SolidWorks
2022-08-04 13:21:51,793 INFO  SwAddin.cs: 294 - Assembly export called for file 装配体1
2022-08-04 13:21:51,795 INFO  SwAddin.cs: 299 - Save is required
2022-08-04 13:21:51,795 INFO  SwAddin.cs: 313 - Saving assembly
2022-08-04 13:21:51,796 INFO  SwAddin.cs: 316 - Opening property manager
2022-08-04 13:21:51,805 INFO  ExportHelperExtension.cs: 1125 - Retrieving features of type [CoordSys] from 装配体1
2022-08-04 13:21:51,808 INFO  ExportHelperExtension.cs: 1136 - Found 25 in 装配体1
2022-08-04 13:21:51,808 INFO  ExportHelperExtension.cs: 1145 - Found 1 features of type [CoordSys] in 装配体1
2022-08-04 13:21:51,809 INFO  ExportHelperExtension.cs: 1148 - Proceeding through assembly components
2022-08-04 13:21:51,810 INFO  ExportHelperExtension.cs: 1160 - 1 components to check
2022-08-04 13:21:51,811 INFO  ExportHelperExtension.cs: 1125 - Retrieving features of type [CoordSys] from cup_appearance-1
2022-08-04 13:21:51,811 INFO  ExportHelperExtension.cs: 1136 - Found 34 in cup_appearance-1
2022-08-04 13:21:51,812 INFO  ExportHelperExtension.cs: 1145 - Found 0 features of type [CoordSys] in cup_appearance-1
2022-08-04 13:21:51,812 INFO  ExportHelperExtension.cs: 1125 - Retrieving features of type [RefAxis] from 装配体1
2022-08-04 13:21:51,812 INFO  ExportHelperExtension.cs: 1136 - Found 25 in 装配体1
2022-08-04 13:21:51,813 INFO  ExportHelperExtension.cs: 1145 - Found 0 features of type [RefAxis] in 装配体1
2022-08-04 13:21:51,813 INFO  ExportHelperExtension.cs: 1148 - Proceeding through assembly components
2022-08-04 13:21:51,825 INFO  ExportHelperExtension.cs: 1160 - 1 components to check
2022-08-04 13:21:51,826 INFO  ExportHelperExtension.cs: 1125 - Retrieving features of type [RefAxis] from cup_appearance-1
2022-08-04 13:21:51,826 INFO  ExportHelperExtension.cs: 1136 - Found 34 in cup_appearance-1
2022-08-04 13:21:51,827 INFO  ExportHelperExtension.cs: 1145 - Found 0 features of type [RefAxis] in cup_appearance-1
2022-08-04 13:21:51,998 INFO  SwAddin.cs: 339 - Loading config tree
2022-08-04 13:21:52,002 INFO  ExportPropertyManagerExtension.cs: 520 - Starting new configuration
2022-08-04 13:21:52,006 INFO  SwAddin.cs: 344 - Showing property manager
2022-08-04 13:21:56,103 INFO  ExportPropertyManager.cs: 1018 - OnComboboxSelectionChanged called. This method no longer throws an Exception. It just silently does nothing. Ok, except for this logging message
2022-08-04 13:21:59,820 INFO  ExportPropertyManager.cs: 422 - Configuration saved
2022-08-04 13:22:00,189 INFO  ExportHelperExtension.cs: 1125 - Retrieving features of type [CoordSys] from 装配体1
2022-08-04 13:22:00,191 INFO  ExportHelperExtension.cs: 1136 - Found 26 in 装配体1
2022-08-04 13:22:00,192 INFO  ExportHelperExtension.cs: 1145 - Found 1 features of type [CoordSys] in 装配体1
2022-08-04 13:22:00,192 INFO  ExportHelperExtension.cs: 1148 - Proceeding through assembly components
2022-08-04 13:22:00,192 INFO  ExportHelperExtension.cs: 1160 - 1 components to check
2022-08-04 13:22:00,193 INFO  ExportHelperExtension.cs: 1125 - Retrieving features of type [CoordSys] from cup_appearance-1
2022-08-04 13:22:00,193 INFO  ExportHelperExtension.cs: 1136 - Found 34 in cup_appearance-1
2022-08-04 13:22:00,194 INFO  ExportHelperExtension.cs: 1145 - Found 0 features of type [CoordSys] in cup_appearance-1
2022-08-04 13:22:00,194 INFO  ExportHelperExtension.cs: 1125 - Retrieving features of type [RefAxis] from 装配体1
2022-08-04 13:22:00,194 INFO  ExportHelperExtension.cs: 1136 - Found 26 in 装配体1
2022-08-04 13:22:00,195 INFO  ExportHelperExtension.cs: 1145 - Found 0 features of type [RefAxis] in 装配体1
2022-08-04 13:22:00,195 INFO  ExportHelperExtension.cs: 1148 - Proceeding through assembly components
2022-08-04 13:22:00,195 INFO  ExportHelperExtension.cs: 1160 - 1 components to check
2022-08-04 13:22:00,196 INFO  ExportHelperExtension.cs: 1125 - Retrieving features of type [RefAxis] from cup_appearance-1
2022-08-04 13:22:00,196 INFO  ExportHelperExtension.cs: 1136 - Found 34 in cup_appearance-1
2022-08-04 13:22:00,196 INFO  ExportHelperExtension.cs: 1145 - Found 0 features of type [RefAxis] in cup_appearance-1
2022-08-04 13:22:00,253 INFO  ExportPropertyManager.cs: 1142 - AfterClose called. This method no longer throws an Exception. It just silently does nothing. Ok, except for this logging message
2022-08-04 13:22:03,518 INFO  AssemblyExportForm.cs: 253 - Completing URDF export
2022-08-04 13:22:03,520 INFO  ConfigurationSerialization.cs: 276 - URDF Configuration found
<Link z:Id="i1" xmlns="http://schemas.datacontract.org/2004/07/SW2URDF" xmlns:i="http://www.w3.org/2001/XMLSchema-instance" xmlns:z="http://schemas.microsoft.com/2003/10/Serialization/"><Attributes><Attribute z:Id="i2"><AttributeType>name</AttributeType><IsRequired>true</IsRequired><Value i:type="a:string" xmlns:a="http://www.w3.org/2001/XMLSchema">base_link</Value></Attribute></Attributes><ChildElements><URDFElement z:Id="i3" i:type="Inertial"><Attributes/><ChildElements><URDFElement z:Id="i4" i:type="Origin"><Attributes><Attribute z:Id="i5"><AttributeType>xyz</AttributeType><IsRequired>true</IsRequired><Value i:type="a:ArrayOfdouble" xmlns:a="http://schemas.microsoft.com/2003/10/Serialization/Arrays"><a:double>0</a:double><a:double>0</a:double><a:double>0</a:double></Value></Attribute><Attribute z:Id="i6"><AttributeType>rpy</AttributeType><IsRequired>true</IsRequired><Value i:type="a:ArrayOfdouble" xmlns:a="http://schemas.microsoft.com/2003/10/Serialization/Arrays"><a:double>0</a:double><a:double>0</a:double><a:double>0</a:double></Value></Attribute></Attributes><ChildElements/><ElementName>origin</ElementName><required>false</required><RPYAttribute z:Ref="i6"/><XYZAttribute z:Ref="i5"/><isCustomized>false</isCustomized></URDFElement><URDFElement z:Id="i7" i:type="Mass"><Attributes><Attribute z:Id="i8"><AttributeType>value</AttributeType><IsRequired>true</IsRequired><Value i:type="a:double" xmlns:a="http://www.w3.org/2001/XMLSchema">0</Value></Attribute></Attributes><ChildElements/><ElementName>mass</ElementName><required>false</required><ValueAttribute z:Ref="i8"/></URDFElement><URDFElement z:Id="i9" i:type="Inertia"><Attributes><Attribute z:Id="i10"><AttributeType>ixx</AttributeType><IsRequired>true</IsRequired><Value i:type="a:double" xmlns:a="http://www.w3.org/2001/XMLSchema">0</Value></Attribute><Attribute z:Id="i11"><AttributeType>ixy</AttributeType><IsRequired>true</IsRequired><Value i:type="a:double" xmlns:a="http://www.w3.org/2001/XMLSchema">0</Value></Attribute><Attribute z:Id="i12"><AttributeType>ixz</AttributeType><IsRequired>true</IsRequired><Value i:type="a:double" xmlns:a="http://www.w3.org/2001/XMLSchema">0</Value></Attribute><Attribute z:Id="i13"><AttributeType>iyy</AttributeType><IsRequired>true</IsRequired><Value i:type="a:double" xmlns:a="http://www.w3.org/2001/XMLSchema">0</Value></Attribute><Attribute z:Id="i14"><AttributeType>iyz</AttributeType><IsRequired>true</IsRequired><Value i:type="a:double" xmlns:a="http://www.w3.org/2001/XMLSchema">0</Value></Attribute><Attribute z:Id="i15"><AttributeType>izz</AttributeType><IsRequired>true</IsRequired><Value i:type="a:double" xmlns:a="http://www.w3.org/2001/XMLSchema">0</Value></Attribute></Attributes><ChildElements/><ElementName>inertia</ElementName><required>false</required><IxxAttribute z:Ref="i10"/><IxyAttribute z:Ref="i11"/><IxzAttribute z:Ref="i12"/><IyyAttribute z:Ref="i13"/><IyzAttribute z:Ref="i14"/><IzzAttribute z:Ref="i15"/></URDFElement></ChildElements><ElementName>inertial</ElementName><required>false</required><Inertia z:Ref="i9"/><Mass z:Ref="i7"/><Origin z:Ref="i4"/></URDFElement><URDFElement z:Id="i16" i:type="Visual"><Attributes/><ChildElements><URDFElement z:Id="i17" i:type="Origin"><Attributes><Attribute z:Id="i18"><AttributeType>xyz</AttributeType><IsRequired>true</IsRequired><Value i:type="a:ArrayOfdouble" xmlns:a="http://schemas.microsoft.com/2003/10/Serialization/Arrays"><a:double>0</a:double><a:double>0</a:double><a:double>0</a:double></Value></Attribute><Attribute z:Id="i19"><AttributeType>rpy</AttributeType><IsRequired>true</IsRequired><Value i:type="a:ArrayOfdouble" xmlns:a="http://schemas.microsoft.com/2003/10/Serialization/Arrays"><a:double>0</a:double><a:double>0</a:double><a:double>0</a:double></Value></Attribute></Attributes><ChildElements/><ElementName>origin</ElementName><required>false</required><RPYAttribute z:Ref="i19"/><XYZAttribute z:Ref="i18"/><isCustomized>false</isCustomized></URDFElement><URDFElement z:Id="i20" i:type="Geometry"><Attributes/><ChildElements><URDFElement z:Id="i21" i:type="Mesh"><Attributes><Attribute z:Id="i22"><AttributeType>filename</AttributeType><IsRequired>true</IsRequired><Value i:nil="true"/></Attribute></Attributes><ChildElements/><ElementName>mesh</ElementName><required>false</required><FilenameAttribute z:Ref="i22"/></URDFElement></ChildElements><ElementName>geometry</ElementName><required>true</required><Mesh z:Ref="i21"/></URDFElement><URDFElement z:Id="i23" i:type="Material"><Attributes><Attribute z:Id="i24"><AttributeType>name</AttributeType><IsRequired>true</IsRequired><Value i:type="a:string" xmlns:a="http://www.w3.org/2001/XMLSchema"/></Attribute></Attributes><ChildElements><URDFElement z:Id="i25" i:type="Color"><Attributes><Attribute z:Id="i26"><AttributeType>rgba</AttributeType><IsRequired>true</IsRequired><Value i:type="a:ArrayOfdouble" xmlns:a="http://schemas.microsoft.com/2003/10/Serialization/Arrays"><a:double>1</a:double><a:double>1</a:double><a:double>1</a:double><a:double>1</a:double></Value></Attribute></Attributes><ChildElements/><ElementName>color</ElementName><required>false</required><RGBAAttribute z:Ref="i26"/></URDFElement><URDFElement z:Id="i27" i:type="Texture"><Attributes><Attribute z:Id="i28"><AttributeType>filename</AttributeType><IsRequired>true</IsRequired><Value i:nil="true"/></Attribute></Attributes><ChildElements/><ElementName>texture</ElementName><required>false</required><FilenameAttribute z:Ref="i28"/><wFilename/></URDFElement></ChildElements><ElementName>material</ElementName><required>false</required><Color z:Ref="i25"/><NameAttribute z:Ref="i24"/><Texture z:Ref="i27"/></URDFElement></ChildElements><ElementName>visual</ElementName><required>false</required><Geometry z:Ref="i20"/><Material z:Ref="i23"/><Origin z:Ref="i17"/></URDFElement><URDFElement z:Id="i29" i:type="Collision"><Attributes/><ChildElements><URDFElement z:Id="i30" i:type="Origin"><Attributes><Attribute z:Id="i31"><AttributeType>xyz</AttributeType><IsRequired>true</IsRequired><Value i:type="a:ArrayOfdouble" xmlns:a="http://schemas.microsoft.com/2003/10/Serialization/Arrays"><a:double>0</a:double><a:double>0</a:double><a:double>0</a:double></Value></Attribute><Attribute z:Id="i32"><AttributeType>rpy</AttributeType><IsRequired>true</IsRequired><Value i:type="a:ArrayOfdouble" xmlns:a="http://schemas.microsoft.com/2003/10/Serialization/Arrays"><a:double>0</a:double><a:double>0</a:double><a:double>0</a:double></Value></Attribute></Attributes><ChildElements/><ElementName>origin</ElementName><required>false</required><RPYAttribute z:Ref="i32"/><XYZAttribute z:Ref="i31"/><isCustomized>false</isCustomized></URDFElement><URDFElement z:Id="i33" i:type="Geometry"><Attributes/><ChildElements><URDFElement z:Id="i34" i:type="Mesh"><Attributes><Attribute z:Id="i35"><AttributeType>filename</AttributeType><IsRequired>true</IsRequired><Value i:nil="true"/></Attribute></Attributes><ChildElements/><ElementName>mesh</ElementName><required>false</required><FilenameAttribute z:Ref="i35"/></URDFElement></ChildElements><ElementName>geometry</ElementName><required>true</required><Mesh z:Ref="i34"/></URDFElement></ChildElements><ElementName>collision</ElementName><required>false</required><Geometry z:Ref="i33"/><Origin z:Ref="i30"/></URDFElement><URDFElement z:Id="i36" i:type="Joint"><Attributes><Attribute z:Id="i37"><AttributeType>name</AttributeType><IsRequired>true</IsRequired><Value i:type="a:string" xmlns:a="http://www.w3.org/2001/XMLSchema"/></Attribute><Attribute z:Id="i38"><AttributeType>type</AttributeType><IsRequired>true</IsRequired><Value i:type="a:string" xmlns:a="http://www.w3.org/2001/XMLSchema"/></Attribute></Attributes><ChildElements><URDFElement z:Id="i39" i:type="Origin"><Attributes><Attribute z:Id="i40"><AttributeType>xyz</AttributeType><IsRequired>true</IsRequired><Value i:type="a:ArrayOfdouble" xmlns:a="http://schemas.microsoft.com/2003/10/Serialization/Arrays"><a:double>0</a:double><a:double>0</a:double><a:double>0</a:double></Value></Attribute><Attribute z:Id="i41"><AttributeType>rpy</AttributeType><IsRequired>true</IsRequired><Value i:type="a:ArrayOfdouble" xmlns:a="http://schemas.microsoft.com/2003/10/Serialization/Arrays"><a:double>0</a:double><a:double>0</a:double><a:double>0</a:double></Value></Attribute></Attributes><ChildElements/><ElementName>origin</ElementName><required>false</required><RPYAttribute z:Ref="i41"/><XYZAttribute z:Ref="i40"/><isCustomized>false</isCustomized></URDFElement><URDFElement z:Id="i42" i:type="ParentLink"><Attributes><Attribute z:Id="i43"><AttributeType>link</AttributeType><IsRequired>true</IsRequired><Value i:type="a:string" xmlns:a="http://www.w3.org/2001/XMLSchema"/></Attribute></Attributes><ChildElements/><ElementName>parent</ElementName><required>true</required><NameAttribute z:Ref="i43"/></URDFElement><URDFElement z:Id="i44" i:type="ChildLink"><Attributes><Attribute z:Id="i45"><AttributeType>link</AttributeType><IsRequired>true</IsRequired><Value i:type="a:string" xmlns:a="http://www.w3.org/2001/XMLSchema"/></Attribute></Attributes><ChildElements/><ElementName>child</ElementName><required>true</required><NameAttribute z:Ref="i45"/></URDFElement><URDFElement z:Id="i46" i:type="Axis"><Attributes><Attribute z:Id="i47"><AttributeType>xyz</AttributeType><IsRequired>true</IsRequired><Value i:type="a:ArrayOfdouble" xmlns:a="http://schemas.microsoft.com/2003/10/Serialization/Arrays"><a:double>0</a:double><a:double>0</a:double><a:double>0</a:double></Value></Attribute></Attributes><ChildElements/><ElementName>axis</ElementName><required>false</required><XYZAttribute z:Ref="i47"/></URDFElement><URDFElement z:Id="i48" i:type="Limit"><Attributes><Attribute z:Id="i49"><AttributeType>lower</AttributeType><IsRequired>false</IsRequired><Value i:nil="true"/></Attribute><Attribute z:Id="i50"><AttributeType>upper</AttributeType><IsRequired>false</IsRequired><Value i:nil="true"/></Attribute><Attribute z:Id="i51"><AttributeType>effort</AttributeType><IsRequired>true</IsRequired><Value i:nil="true"/></Attribute><Attribute z:Id="i52"><AttributeType>velocity</AttributeType><IsRequired>true</IsRequired><Value i:nil="true"/></Attribute></Attributes><ChildElements/><ElementName>limit</ElementName><required>false</required><EffortAttribute z:Ref="i51"/><LowerAttribute z:Ref="i49"/><UpperAttribute z:Ref="i50"/><VelocityAttribute z:Ref="i52"/></URDFElement><URDFElement z:Id="i53" i:type="Calibration"><Attributes><Attribute z:Id="i54"><AttributeType>rising</AttributeType><IsRequired>false</IsRequired><Value i:nil="true"/></Attribute><Attribute z:Id="i55"><AttributeType>falling</AttributeType><IsRequired>false</IsRequired><Value i:nil="true"/></Attribute></Attributes><ChildElements/><ElementName>calibration</ElementName><required>false</required><FallingAttribute z:Ref="i55"/><RisingAttribute z:Ref="i54"/></URDFElement><URDFElement z:Id="i56" i:type="Dynamics"><Attributes><Attribute z:Id="i57"><AttributeType>damping</AttributeType><IsRequired>false</IsRequired><Value i:nil="true"/></Attribute><Attribute z:Id="i58"><AttributeType>friction</AttributeType><IsRequired>false</IsRequired><Value i:nil="true"/></Attribute></Attributes><ChildElements/><ElementName>dynamics</ElementName><required>false</required><DampingAttribute z:Ref="i57"/><FrictionAttribute z:Ref="i58"/></URDFElement><URDFElement z:Id="i59" i:type="SafetyController"><Attributes><Attribute z:Id="i60"><AttributeType>soft_upper</AttributeType><IsRequired>false</IsRequired><Value i:nil="true"/></Attribute><Attribute z:Id="i61"><AttributeType>soft_lower</AttributeType><IsRequired>false</IsRequired><Value i:nil="true"/></Attribute><Attribute z:Id="i62"><AttributeType>k_position</AttributeType><IsRequired>false</IsRequired><Value i:nil="true"/></Attribute><Attribute z:Id="i63"><AttributeType>k_velocity</AttributeType><IsRequired>true</IsRequired><Value i:nil="true"/></Attribute></Attributes><ChildElements/><ElementName>safety_controller</ElementName><required>false</required><KPositionAttribute z:Ref="i62"/><KVelocityAttribute z:Ref="i63"/><SoftLowerAttribute z:Ref="i61"/><SoftUpperAttribute z:Ref="i60"/></URDFElement><URDFElement z:Id="i64" i:type="Mimic"><Attributes><Attribute z:Id="i65"><AttributeType>joint</AttributeType><IsRequired>true</IsRequired><Value i:nil="true"/></Attribute><Attribute z:Id="i66"><AttributeType>multiplier</AttributeType><IsRequired>false</IsRequired><Value i:nil="true"/></Attribute><Attribute z:Id="i67"><AttributeType>offset</AttributeType><IsRequired>false</IsRequired><Value i:nil="true"/></Attribute></Attributes><ChildElements/><ElementName>mimic</ElementName><required>false</required><JointNameAttribute z:Ref="i65"/><MultiplierAttribute z:Ref="i66"/><OffsetAttribute z:Ref="i67"/></URDFElement></ChildElements><ElementName>joint</ElementName><required>false</required><Axis z:Ref="i46"/><AxisName/><Calibration z:Ref="i53"/><Child z:Ref="i44"/><CoordinateSystemName>baselink</CoordinateSystemName><Dynamics z:Ref="i56"/><Limit z:Ref="i48"/><Mimic z:Ref="i64"/><NameAttribute z:Ref="i37"/><Origin z:Ref="i39"/><Parent z:Ref="i42"/><Safety z:Ref="i59"/><TypeAttribute z:Ref="i38"/></URDFElement></ChildElements><ElementName>link</ElementName><required>true</required><Children/><Collision z:Ref="i29"/><Inertial z:Ref="i3"/><Joint z:Ref="i36"/><NameAttribute z:Ref="i2"/><Parent i:nil="true"/><STLQualityFine>false</STLQualityFine><SWComponentPIDs xmlns:a="http://schemas.microsoft.com/2003/10/Serialization/Arrays"><a:base64Binary>4C4AAAUAAAD//v8VYwB1AHAAXwBhAHAAcABlAGEAcgBhAG4AYwBlAC0AMQBAAMWITZFTTzEABAAAABAAAAABAAAAAQAAABkAAAA=</a:base64Binary></SWComponentPIDs><SWMainComponentPID i:nil="true"/><Visual z:Ref="i16"/><isFixedFrame>false</isFixedFrame><isIncomplete>false</isIncomplete></Link>
2022-08-04 13:22:15,121 INFO  AssemblyExportForm.cs: 309 - Saving URDF package to E:\其他文件\Documents\Desktop\cup_appearance
2022-08-04 13:22:15,124 INFO  ExportHelper.cs: 147 - Beginning the export process
2022-08-04 13:22:15,125 INFO  ExportHelper.cs: 153 - Creating package directories with name cup_appearance and save path E:\其他文件\Documents\Desktop
2022-08-04 13:22:16,429 INFO  ExportHelper.cs: 162 - Creating CMakeLists.txt at E:\其他文件\Documents\Desktop\cup_appearance\CMakeLists.txt
2022-08-04 13:22:16,439 INFO  ExportHelper.cs: 166 - Creating joint names config at E:\其他文件\Documents\Desktop\cup_appearance\config\joint_names_cup_appearance.yaml
2022-08-04 13:22:16,441 INFO  ExportHelper.cs: 170 - Creating package.xml at E:\其他文件\Documents\Desktop\cup_appearance\package.xml
2022-08-04 13:22:16,442 INFO  PackageXMLWriter.cs: 21 - Creating package.xml at E:\其他文件\Documents\Desktop\cup_appearance\package.xml
2022-08-04 13:22:16,445 INFO  ExportHelper.cs: 177 - Creating RVIZ launch file in E:\其他文件\Documents\Desktop\cup_appearance\launch\
2022-08-04 13:22:16,447 INFO  ExportHelper.cs: 182 - Creating Gazebo launch file in E:\其他文件\Documents\Desktop\cup_appearance\launch\
2022-08-04 13:22:16,448 INFO  ExportHelper.cs: 187 - Saving existing STL preferences
2022-08-04 13:22:16,449 INFO  ExportHelper.cs: 450 - Saving users preferences
2022-08-04 13:22:16,450 INFO  ExportHelper.cs: 190 - Modifying STL preferences
2022-08-04 13:22:16,450 INFO  ExportHelper.cs: 464 - Setting STL preferences
2022-08-04 13:22:16,456 INFO  ExportHelper.cs: 196 - Found 0 hidden components 
2022-08-04 13:22:16,457 INFO  ExportHelper.cs: 197 - Hiding all components
2022-08-04 13:22:16,556 INFO  ExportHelper.cs: 204 - Beginning individual files export
2022-08-04 13:22:16,558 INFO  ExportHelper.cs: 270 - Exporting link: base_link
2022-08-04 13:22:16,559 INFO  ExportHelper.cs: 272 - Link base_link has 0 children
2022-08-04 13:22:16,561 INFO  ExportHelper.cs: 317 - base_link: Exporting STL with coordinate frame baselink
2022-08-04 13:22:16,562 INFO  ExportHelper.cs: 322 - base_link: Reference geometry name 
2022-08-04 13:22:16,601 INFO  ExportHelper.cs: 330 - Saving STL to E:\其他文件\Documents\Desktop\cup_appearance\meshes\base_link.STL
2022-08-04 13:22:16,719 INFO  ExportHelper.cs: 405 - Removing SW header in STL file
2022-08-04 13:22:16,720 INFO  ExportHelper.cs: 145 - Showing all components except previously hidden components
2022-08-04 13:22:16,757 INFO  ExportHelper.cs: 145 - Resetting STL preferences
2022-08-04 13:22:16,758 INFO  ExportHelper.cs: 478 - Returning STL preferences to user preferences
2022-08-04 13:22:16,759 INFO  ExportHelper.cs: 228 - Writing URDF file to E:\其他文件\Documents\Desktop\cup_appearance\urdf\cup_appearance.urdf
2022-08-04 13:22:16,830 INFO  CSVImportExport.cs: 32 - Writing CSV file E:\其他文件\Documents\Desktop\cup_appearance\urdf\cup_appearance.csv
2022-08-04 13:22:16,857 ERROR CSVImportExport.cs: 130 - The following columns were not written to the CSV: Link.Joint.ChildLink.link,
2022-08-04 13:22:16,858 INFO  ExportHelper.cs: 234 - Copying log file
2022-08-04 13:22:16,868 INFO  ExportHelper.cs: 439 - Copying C:\Users\孙正的tool\sw2urdf_logs\sw2urdf.log to E:\其他文件\Documents\Desktop\cup_appearance\export.log
2022-08-04 13:22:16,874 INFO  ExportHelper.cs: 237 - Resetting STL preferences
2022-08-04 13:22:16,874 INFO  ExportHelper.cs: 478 - Returning STL preferences to user preferences
2022-08-04 13:53:30,069 INFO  SwAddin.cs: 294 - Assembly export called for file 装配体2
2022-08-04 13:53:30,070 INFO  SwAddin.cs: 299 - Save is required
2022-08-04 13:53:30,070 INFO  SwAddin.cs: 313 - Saving assembly
2022-08-04 13:53:30,071 INFO  SwAddin.cs: 316 - Opening property manager
2022-08-04 13:53:30,071 INFO  ExportHelperExtension.cs: 1125 - Retrieving features of type [CoordSys] from 装配体2
2022-08-04 13:53:30,071 INFO  ExportHelperExtension.cs: 1136 - Found 24 in 装配体2
2022-08-04 13:53:30,072 INFO  ExportHelperExtension.cs: 1145 - Found 0 features of type [CoordSys] in 装配体2
2022-08-04 13:53:30,072 INFO  ExportHelperExtension.cs: 1148 - Proceeding through assembly components
2022-08-04 13:53:30,072 INFO  ExportHelperExtension.cs: 1160 - 1 components to check
2022-08-04 13:53:30,073 INFO  ExportHelperExtension.cs: 1125 - Retrieving features of type [CoordSys] from shelf_appearance-1
2022-08-04 13:53:30,073 INFO  ExportHelperExtension.cs: 1136 - Found 50 in shelf_appearance-1
2022-08-04 13:53:30,074 INFO  ExportHelperExtension.cs: 1145 - Found 1 features of type [CoordSys] in shelf_appearance-1
2022-08-04 13:53:30,074 INFO  ExportHelperExtension.cs: 1125 - Retrieving features of type [RefAxis] from 装配体2
2022-08-04 13:53:30,074 INFO  ExportHelperExtension.cs: 1136 - Found 24 in 装配体2
2022-08-04 13:53:30,075 INFO  ExportHelperExtension.cs: 1145 - Found 0 features of type [RefAxis] in 装配体2
2022-08-04 13:53:30,075 INFO  ExportHelperExtension.cs: 1148 - Proceeding through assembly components
2022-08-04 13:53:30,075 INFO  ExportHelperExtension.cs: 1160 - 1 components to check
2022-08-04 13:53:30,076 INFO  ExportHelperExtension.cs: 1125 - Retrieving features of type [RefAxis] from shelf_appearance-1
2022-08-04 13:53:30,076 INFO  ExportHelperExtension.cs: 1136 - Found 50 in shelf_appearance-1
2022-08-04 13:53:30,077 INFO  ExportHelperExtension.cs: 1145 - Found 0 features of type [RefAxis] in shelf_appearance-1
2022-08-04 13:53:30,207 INFO  SwAddin.cs: 339 - Loading config tree
2022-08-04 13:53:30,207 INFO  ExportPropertyManagerExtension.cs: 520 - Starting new configuration
2022-08-04 13:53:30,208 INFO  SwAddin.cs: 344 - Showing property manager
2022-08-04 13:53:36,066 INFO  ExportPropertyManager.cs: 1018 - OnComboboxSelectionChanged called. This method no longer throws an Exception. It just silently does nothing. Ok, except for this logging message
2022-08-04 13:53:38,867 INFO  ExportPropertyManager.cs: 422 - Configuration saved
2022-08-04 13:53:39,086 INFO  ExportHelperExtension.cs: 1125 - Retrieving features of type [CoordSys] from 装配体2
2022-08-04 13:53:39,101 INFO  ExportHelperExtension.cs: 1136 - Found 25 in 装配体2
2022-08-04 13:53:39,101 INFO  ExportHelperExtension.cs: 1145 - Found 0 features of type [CoordSys] in 装配体2
2022-08-04 13:53:39,101 INFO  ExportHelperExtension.cs: 1148 - Proceeding through assembly components
2022-08-04 13:53:39,101 INFO  ExportHelperExtension.cs: 1160 - 1 components to check
2022-08-04 13:53:39,102 INFO  ExportHelperExtension.cs: 1125 - Retrieving features of type [CoordSys] from shelf_appearance-1
2022-08-04 13:53:39,102 INFO  ExportHelperExtension.cs: 1136 - Found 50 in shelf_appearance-1
2022-08-04 13:53:39,103 INFO  ExportHelperExtension.cs: 1145 - Found 1 features of type [CoordSys] in shelf_appearance-1
2022-08-04 13:53:39,103 INFO  ExportHelperExtension.cs: 1125 - Retrieving features of type [RefAxis] from 装配体2
2022-08-04 13:53:39,103 INFO  ExportHelperExtension.cs: 1136 - Found 25 in 装配体2
2022-08-04 13:53:39,104 INFO  ExportHelperExtension.cs: 1145 - Found 0 features of type [RefAxis] in 装配体2
2022-08-04 13:53:39,104 INFO  ExportHelperExtension.cs: 1148 - Proceeding through assembly components
2022-08-04 13:53:39,104 INFO  ExportHelperExtension.cs: 1160 - 1 components to check
2022-08-04 13:53:39,105 INFO  ExportHelperExtension.cs: 1125 - Retrieving features of type [RefAxis] from shelf_appearance-1
2022-08-04 13:53:39,105 INFO  ExportHelperExtension.cs: 1136 - Found 50 in shelf_appearance-1
2022-08-04 13:53:39,105 INFO  ExportHelperExtension.cs: 1145 - Found 0 features of type [RefAxis] in shelf_appearance-1
2022-08-04 13:53:39,166 INFO  ExportPropertyManager.cs: 1142 - AfterClose called. This method no longer throws an Exception. It just silently does nothing. Ok, except for this logging message
2022-08-04 13:53:41,859 INFO  AssemblyExportForm.cs: 253 - Completing URDF export
2022-08-04 13:53:41,860 INFO  ConfigurationSerialization.cs: 276 - URDF Configuration found
<Link z:Id="i1" xmlns="http://schemas.datacontract.org/2004/07/SW2URDF" xmlns:i="http://www.w3.org/2001/XMLSchema-instance" xmlns:z="http://schemas.microsoft.com/2003/10/Serialization/"><Attributes><Attribute z:Id="i2"><AttributeType>name</AttributeType><IsRequired>true</IsRequired><Value i:type="a:string" xmlns:a="http://www.w3.org/2001/XMLSchema">base_link</Value></Attribute></Attributes><ChildElements><URDFElement z:Id="i3" i:type="Inertial"><Attributes/><ChildElements><URDFElement z:Id="i4" i:type="Origin"><Attributes><Attribute z:Id="i5"><AttributeType>xyz</AttributeType><IsRequired>true</IsRequired><Value i:type="a:ArrayOfdouble" xmlns:a="http://schemas.microsoft.com/2003/10/Serialization/Arrays"><a:double>0</a:double><a:double>0</a:double><a:double>0</a:double></Value></Attribute><Attribute z:Id="i6"><AttributeType>rpy</AttributeType><IsRequired>true</IsRequired><Value i:type="a:ArrayOfdouble" xmlns:a="http://schemas.microsoft.com/2003/10/Serialization/Arrays"><a:double>0</a:double><a:double>0</a:double><a:double>0</a:double></Value></Attribute></Attributes><ChildElements/><ElementName>origin</ElementName><required>false</required><RPYAttribute z:Ref="i6"/><XYZAttribute z:Ref="i5"/><isCustomized>false</isCustomized></URDFElement><URDFElement z:Id="i7" i:type="Mass"><Attributes><Attribute z:Id="i8"><AttributeType>value</AttributeType><IsRequired>true</IsRequired><Value i:type="a:double" xmlns:a="http://www.w3.org/2001/XMLSchema">0</Value></Attribute></Attributes><ChildElements/><ElementName>mass</ElementName><required>false</required><ValueAttribute z:Ref="i8"/></URDFElement><URDFElement z:Id="i9" i:type="Inertia"><Attributes><Attribute z:Id="i10"><AttributeType>ixx</AttributeType><IsRequired>true</IsRequired><Value i:type="a:double" xmlns:a="http://www.w3.org/2001/XMLSchema">0</Value></Attribute><Attribute z:Id="i11"><AttributeType>ixy</AttributeType><IsRequired>true</IsRequired><Value i:type="a:double" xmlns:a="http://www.w3.org/2001/XMLSchema">0</Value></Attribute><Attribute z:Id="i12"><AttributeType>ixz</AttributeType><IsRequired>true</IsRequired><Value i:type="a:double" xmlns:a="http://www.w3.org/2001/XMLSchema">0</Value></Attribute><Attribute z:Id="i13"><AttributeType>iyy</AttributeType><IsRequired>true</IsRequired><Value i:type="a:double" xmlns:a="http://www.w3.org/2001/XMLSchema">0</Value></Attribute><Attribute z:Id="i14"><AttributeType>iyz</AttributeType><IsRequired>true</IsRequired><Value i:type="a:double" xmlns:a="http://www.w3.org/2001/XMLSchema">0</Value></Attribute><Attribute z:Id="i15"><AttributeType>izz</AttributeType><IsRequired>true</IsRequired><Value i:type="a:double" xmlns:a="http://www.w3.org/2001/XMLSchema">0</Value></Attribute></Attributes><ChildElements/><ElementName>inertia</ElementName><required>false</required><IxxAttribute z:Ref="i10"/><IxyAttribute z:Ref="i11"/><IxzAttribute z:Ref="i12"/><IyyAttribute z:Ref="i13"/><IyzAttribute z:Ref="i14"/><IzzAttribute z:Ref="i15"/></URDFElement></ChildElements><ElementName>inertial</ElementName><required>false</required><Inertia z:Ref="i9"/><Mass z:Ref="i7"/><Origin z:Ref="i4"/></URDFElement><URDFElement z:Id="i16" i:type="Visual"><Attributes/><ChildElements><URDFElement z:Id="i17" i:type="Origin"><Attributes><Attribute z:Id="i18"><AttributeType>xyz</AttributeType><IsRequired>true</IsRequired><Value i:type="a:ArrayOfdouble" xmlns:a="http://schemas.microsoft.com/2003/10/Serialization/Arrays"><a:double>0</a:double><a:double>0</a:double><a:double>0</a:double></Value></Attribute><Attribute z:Id="i19"><AttributeType>rpy</AttributeType><IsRequired>true</IsRequired><Value i:type="a:ArrayOfdouble" xmlns:a="http://schemas.microsoft.com/2003/10/Serialization/Arrays"><a:double>0</a:double><a:double>0</a:double><a:double>0</a:double></Value></Attribute></Attributes><ChildElements/><ElementName>origin</ElementName><required>false</required><RPYAttribute z:Ref="i19"/><XYZAttribute z:Ref="i18"/><isCustomized>false</isCustomized></URDFElement><URDFElement z:Id="i20" i:type="Geometry"><Attributes/><ChildElements><URDFElement z:Id="i21" i:type="Mesh"><Attributes><Attribute z:Id="i22"><AttributeType>filename</AttributeType><IsRequired>true</IsRequired><Value i:nil="true"/></Attribute></Attributes><ChildElements/><ElementName>mesh</ElementName><required>false</required><FilenameAttribute z:Ref="i22"/></URDFElement></ChildElements><ElementName>geometry</ElementName><required>true</required><Mesh z:Ref="i21"/></URDFElement><URDFElement z:Id="i23" i:type="Material"><Attributes><Attribute z:Id="i24"><AttributeType>name</AttributeType><IsRequired>true</IsRequired><Value i:type="a:string" xmlns:a="http://www.w3.org/2001/XMLSchema"/></Attribute></Attributes><ChildElements><URDFElement z:Id="i25" i:type="Color"><Attributes><Attribute z:Id="i26"><AttributeType>rgba</AttributeType><IsRequired>true</IsRequired><Value i:type="a:ArrayOfdouble" xmlns:a="http://schemas.microsoft.com/2003/10/Serialization/Arrays"><a:double>1</a:double><a:double>1</a:double><a:double>1</a:double><a:double>1</a:double></Value></Attribute></Attributes><ChildElements/><ElementName>color</ElementName><required>false</required><RGBAAttribute z:Ref="i26"/></URDFElement><URDFElement z:Id="i27" i:type="Texture"><Attributes><Attribute z:Id="i28"><AttributeType>filename</AttributeType><IsRequired>true</IsRequired><Value i:nil="true"/></Attribute></Attributes><ChildElements/><ElementName>texture</ElementName><required>false</required><FilenameAttribute z:Ref="i28"/><wFilename/></URDFElement></ChildElements><ElementName>material</ElementName><required>false</required><Color z:Ref="i25"/><NameAttribute z:Ref="i24"/><Texture z:Ref="i27"/></URDFElement></ChildElements><ElementName>visual</ElementName><required>false</required><Geometry z:Ref="i20"/><Material z:Ref="i23"/><Origin z:Ref="i17"/></URDFElement><URDFElement z:Id="i29" i:type="Collision"><Attributes/><ChildElements><URDFElement z:Id="i30" i:type="Origin"><Attributes><Attribute z:Id="i31"><AttributeType>xyz</AttributeType><IsRequired>true</IsRequired><Value i:type="a:ArrayOfdouble" xmlns:a="http://schemas.microsoft.com/2003/10/Serialization/Arrays"><a:double>0</a:double><a:double>0</a:double><a:double>0</a:double></Value></Attribute><Attribute z:Id="i32"><AttributeType>rpy</AttributeType><IsRequired>true</IsRequired><Value i:type="a:ArrayOfdouble" xmlns:a="http://schemas.microsoft.com/2003/10/Serialization/Arrays"><a:double>0</a:double><a:double>0</a:double><a:double>0</a:double></Value></Attribute></Attributes><ChildElements/><ElementName>origin</ElementName><required>false</required><RPYAttribute z:Ref="i32"/><XYZAttribute z:Ref="i31"/><isCustomized>false</isCustomized></URDFElement><URDFElement z:Id="i33" i:type="Geometry"><Attributes/><ChildElements><URDFElement z:Id="i34" i:type="Mesh"><Attributes><Attribute z:Id="i35"><AttributeType>filename</AttributeType><IsRequired>true</IsRequired><Value i:nil="true"/></Attribute></Attributes><ChildElements/><ElementName>mesh</ElementName><required>false</required><FilenameAttribute z:Ref="i35"/></URDFElement></ChildElements><ElementName>geometry</ElementName><required>true</required><Mesh z:Ref="i34"/></URDFElement></ChildElements><ElementName>collision</ElementName><required>false</required><Geometry z:Ref="i33"/><Origin z:Ref="i30"/></URDFElement><URDFElement z:Id="i36" i:type="Joint"><Attributes><Attribute z:Id="i37"><AttributeType>name</AttributeType><IsRequired>true</IsRequired><Value i:type="a:string" xmlns:a="http://www.w3.org/2001/XMLSchema"/></Attribute><Attribute z:Id="i38"><AttributeType>type</AttributeType><IsRequired>true</IsRequired><Value i:type="a:string" xmlns:a="http://www.w3.org/2001/XMLSchema"/></Attribute></Attributes><ChildElements><URDFElement z:Id="i39" i:type="Origin"><Attributes><Attribute z:Id="i40"><AttributeType>xyz</AttributeType><IsRequired>true</IsRequired><Value i:type="a:ArrayOfdouble" xmlns:a="http://schemas.microsoft.com/2003/10/Serialization/Arrays"><a:double>0</a:double><a:double>0</a:double><a:double>0</a:double></Value></Attribute><Attribute z:Id="i41"><AttributeType>rpy</AttributeType><IsRequired>true</IsRequired><Value i:type="a:ArrayOfdouble" xmlns:a="http://schemas.microsoft.com/2003/10/Serialization/Arrays"><a:double>0</a:double><a:double>0</a:double><a:double>0</a:double></Value></Attribute></Attributes><ChildElements/><ElementName>origin</ElementName><required>false</required><RPYAttribute z:Ref="i41"/><XYZAttribute z:Ref="i40"/><isCustomized>false</isCustomized></URDFElement><URDFElement z:Id="i42" i:type="ParentLink"><Attributes><Attribute z:Id="i43"><AttributeType>link</AttributeType><IsRequired>true</IsRequired><Value i:type="a:string" xmlns:a="http://www.w3.org/2001/XMLSchema"/></Attribute></Attributes><ChildElements/><ElementName>parent</ElementName><required>true</required><NameAttribute z:Ref="i43"/></URDFElement><URDFElement z:Id="i44" i:type="ChildLink"><Attributes><Attribute z:Id="i45"><AttributeType>link</AttributeType><IsRequired>true</IsRequired><Value i:type="a:string" xmlns:a="http://www.w3.org/2001/XMLSchema"/></Attribute></Attributes><ChildElements/><ElementName>child</ElementName><required>true</required><NameAttribute z:Ref="i45"/></URDFElement><URDFElement z:Id="i46" i:type="Axis"><Attributes><Attribute z:Id="i47"><AttributeType>xyz</AttributeType><IsRequired>true</IsRequired><Value i:type="a:ArrayOfdouble" xmlns:a="http://schemas.microsoft.com/2003/10/Serialization/Arrays"><a:double>0</a:double><a:double>0</a:double><a:double>0</a:double></Value></Attribute></Attributes><ChildElements/><ElementName>axis</ElementName><required>false</required><XYZAttribute z:Ref="i47"/></URDFElement><URDFElement z:Id="i48" i:type="Limit"><Attributes><Attribute z:Id="i49"><AttributeType>lower</AttributeType><IsRequired>false</IsRequired><Value i:nil="true"/></Attribute><Attribute z:Id="i50"><AttributeType>upper</AttributeType><IsRequired>false</IsRequired><Value i:nil="true"/></Attribute><Attribute z:Id="i51"><AttributeType>effort</AttributeType><IsRequired>true</IsRequired><Value i:nil="true"/></Attribute><Attribute z:Id="i52"><AttributeType>velocity</AttributeType><IsRequired>true</IsRequired><Value i:nil="true"/></Attribute></Attributes><ChildElements/><ElementName>limit</ElementName><required>false</required><EffortAttribute z:Ref="i51"/><LowerAttribute z:Ref="i49"/><UpperAttribute z:Ref="i50"/><VelocityAttribute z:Ref="i52"/></URDFElement><URDFElement z:Id="i53" i:type="Calibration"><Attributes><Attribute z:Id="i54"><AttributeType>rising</AttributeType><IsRequired>false</IsRequired><Value i:nil="true"/></Attribute><Attribute z:Id="i55"><AttributeType>falling</AttributeType><IsRequired>false</IsRequired><Value i:nil="true"/></Attribute></Attributes><ChildElements/><ElementName>calibration</ElementName><required>false</required><FallingAttribute z:Ref="i55"/><RisingAttribute z:Ref="i54"/></URDFElement><URDFElement z:Id="i56" i:type="Dynamics"><Attributes><Attribute z:Id="i57"><AttributeType>damping</AttributeType><IsRequired>false</IsRequired><Value i:nil="true"/></Attribute><Attribute z:Id="i58"><AttributeType>friction</AttributeType><IsRequired>false</IsRequired><Value i:nil="true"/></Attribute></Attributes><ChildElements/><ElementName>dynamics</ElementName><required>false</required><DampingAttribute z:Ref="i57"/><FrictionAttribute z:Ref="i58"/></URDFElement><URDFElement z:Id="i59" i:type="SafetyController"><Attributes><Attribute z:Id="i60"><AttributeType>soft_upper</AttributeType><IsRequired>false</IsRequired><Value i:nil="true"/></Attribute><Attribute z:Id="i61"><AttributeType>soft_lower</AttributeType><IsRequired>false</IsRequired><Value i:nil="true"/></Attribute><Attribute z:Id="i62"><AttributeType>k_position</AttributeType><IsRequired>false</IsRequired><Value i:nil="true"/></Attribute><Attribute z:Id="i63"><AttributeType>k_velocity</AttributeType><IsRequired>true</IsRequired><Value i:nil="true"/></Attribute></Attributes><ChildElements/><ElementName>safety_controller</ElementName><required>false</required><KPositionAttribute z:Ref="i62"/><KVelocityAttribute z:Ref="i63"/><SoftLowerAttribute z:Ref="i61"/><SoftUpperAttribute z:Ref="i60"/></URDFElement><URDFElement z:Id="i64" i:type="Mimic"><Attributes><Attribute z:Id="i65"><AttributeType>joint</AttributeType><IsRequired>true</IsRequired><Value i:nil="true"/></Attribute><Attribute z:Id="i66"><AttributeType>multiplier</AttributeType><IsRequired>false</IsRequired><Value i:nil="true"/></Attribute><Attribute z:Id="i67"><AttributeType>offset</AttributeType><IsRequired>false</IsRequired><Value i:nil="true"/></Attribute></Attributes><ChildElements/><ElementName>mimic</ElementName><required>false</required><JointNameAttribute z:Ref="i65"/><MultiplierAttribute z:Ref="i66"/><OffsetAttribute z:Ref="i67"/></URDFElement></ChildElements><ElementName>joint</ElementName><required>false</required><Axis z:Ref="i46"/><AxisName/><Calibration z:Ref="i53"/><Child z:Ref="i44"/><CoordinateSystemName>baselink &lt;shelf_appearance-1&gt;</CoordinateSystemName><Dynamics z:Ref="i56"/><Limit z:Ref="i48"/><Mimic z:Ref="i64"/><NameAttribute z:Ref="i37"/><Origin z:Ref="i39"/><Parent z:Ref="i42"/><Safety z:Ref="i59"/><TypeAttribute z:Ref="i38"/></URDFElement></ChildElements><ElementName>link</ElementName><required>true</required><Children/><Collision z:Ref="i29"/><Inertial z:Ref="i3"/><Joint z:Ref="i36"/><NameAttribute z:Ref="i2"/><Parent i:nil="true"/><STLQualityFine>false</STLQualityFine><SWComponentPIDs xmlns:a="http://schemas.microsoft.com/2003/10/Serialization/Arrays"><a:base64Binary>4C4AAAUAAAD//v8XcwBoAGUAbABmAF8AYQBwAHAAZQBhAHIAYQBuAGMAZQAtADEAQADFiE2RU08yAAQAAAAQAAAAAQAAAAEAAAAZAAAA</a:base64Binary></SWComponentPIDs><SWMainComponentPID i:nil="true"/><Visual z:Ref="i16"/><isFixedFrame>false</isFixedFrame><isIncomplete>false</isIncomplete></Link>
2022-08-04 13:53:52,546 INFO  AssemblyExportForm.cs: 309 - Saving URDF package to E:\其他文件\Documents\Desktop\shelf_appearance
2022-08-04 13:53:52,547 INFO  ExportHelper.cs: 147 - Beginning the export process
2022-08-04 13:53:52,548 INFO  ExportHelper.cs: 153 - Creating package directories with name shelf_appearance and save path E:\其他文件\Documents\Desktop
2022-08-04 13:53:54,006 INFO  ExportHelper.cs: 162 - Creating CMakeLists.txt at E:\其他文件\Documents\Desktop\shelf_appearance\CMakeLists.txt
2022-08-04 13:53:54,016 INFO  ExportHelper.cs: 166 - Creating joint names config at E:\其他文件\Documents\Desktop\shelf_appearance\config\joint_names_shelf_appearance.yaml
2022-08-04 13:53:54,017 INFO  ExportHelper.cs: 170 - Creating package.xml at E:\其他文件\Documents\Desktop\shelf_appearance\package.xml
2022-08-04 13:53:54,017 INFO  PackageXMLWriter.cs: 21 - Creating package.xml at E:\其他文件\Documents\Desktop\shelf_appearance\package.xml
2022-08-04 13:53:54,018 INFO  ExportHelper.cs: 177 - Creating RVIZ launch file in E:\其他文件\Documents\Desktop\shelf_appearance\launch\
2022-08-04 13:53:54,018 INFO  ExportHelper.cs: 182 - Creating Gazebo launch file in E:\其他文件\Documents\Desktop\shelf_appearance\launch\
2022-08-04 13:53:54,019 INFO  ExportHelper.cs: 187 - Saving existing STL preferences
2022-08-04 13:53:54,019 INFO  ExportHelper.cs: 450 - Saving users preferences
2022-08-04 13:53:54,020 INFO  ExportHelper.cs: 190 - Modifying STL preferences
2022-08-04 13:53:54,020 INFO  ExportHelper.cs: 464 - Setting STL preferences
2022-08-04 13:53:54,020 INFO  ExportHelper.cs: 196 - Found 0 hidden components 
2022-08-04 13:53:54,020 INFO  ExportHelper.cs: 197 - Hiding all components
2022-08-04 13:53:54,127 INFO  ExportHelper.cs: 204 - Beginning individual files export
2022-08-04 13:53:54,129 INFO  ExportHelper.cs: 270 - Exporting link: base_link
2022-08-04 13:53:54,129 INFO  ExportHelper.cs: 272 - Link base_link has 0 children
2022-08-04 13:53:54,130 INFO  ExportHelper.cs: 317 - base_link: Exporting STL with coordinate frame baselink <shelf_appearance-1>
2022-08-04 13:53:54,130 INFO  ExportHelper.cs: 322 - base_link: Reference geometry name shelf_appearance-1
2022-08-04 13:53:54,177 INFO  ExportHelper.cs: 330 - Saving STL to E:\其他文件\Documents\Desktop\shelf_appearance\meshes\base_link.STL
2022-08-04 13:53:54,281 INFO  ExportHelper.cs: 405 - Removing SW header in STL file
2022-08-04 13:53:54,282 INFO  ExportHelper.cs: 145 - Showing all components except previously hidden components
2022-08-04 13:53:54,325 INFO  ExportHelper.cs: 145 - Resetting STL preferences
2022-08-04 13:53:54,325 INFO  ExportHelper.cs: 478 - Returning STL preferences to user preferences
2022-08-04 13:53:54,326 INFO  ExportHelper.cs: 228 - Writing URDF file to E:\其他文件\Documents\Desktop\shelf_appearance\urdf\shelf_appearance.urdf
2022-08-04 13:53:54,327 INFO  CSVImportExport.cs: 32 - Writing CSV file E:\其他文件\Documents\Desktop\shelf_appearance\urdf\shelf_appearance.csv
2022-08-04 13:53:54,328 ERROR CSVImportExport.cs: 130 - The following columns were not written to the CSV: Link.Joint.ChildLink.link,
2022-08-04 13:53:54,328 INFO  ExportHelper.cs: 234 - Copying log file
2022-08-04 13:53:54,328 INFO  ExportHelper.cs: 439 - Copying C:\Users\孙正的tool\sw2urdf_logs\sw2urdf.log to E:\其他文件\Documents\Desktop\shelf_appearance\export.log
